2025-04-14 08:36:25 - 스크립트 시작: 최대 디렉터리 수=10, 삭제할 디렉터리 수=5
2025-04-14 08:37:18 - 스크립트 시작: 최대 디렉터리 수=10, 삭제할 디렉터리 수=5
2025-04-14 08:37:18 - 처리 중: ./test01
2025-04-14 08:37:18 - 발견된 숫자 디렉터리 수: 16 (최대 허용: 10)
2025-04-14 08:37:18 - 삭제 예정 디렉터리 수: 5
2025-04-14 08:37:18 - 삭제 중: ./test01/1
2025-04-14 08:37:18 - 삭제 성공: ./test01/1
2025-04-14 08:37:18 - 삭제 중: ./test01/2
2025-04-14 08:37:18 - 삭제 성공: ./test01/2
2025-04-14 08:37:18 - 삭제 중: ./test01/3
2025-04-14 08:37:18 - 삭제 성공: ./test01/3
2025-04-14 08:37:18 - 삭제 중: ./test01/4
2025-04-14 08:37:18 - 삭제 성공: ./test01/4
2025-04-14 08:37:18 - 삭제 중: ./test01/5
2025-04-14 08:37:18 - 삭제 성공: ./test01/5
2025-04-14 08:37:18 - 총 5 개의 디렉터리 삭제 완료
2025-04-14 08:37:18 - 스크립트 실행 완료
2025-04-14 08:38:30 - 스크립트 시작: 최대 디렉터리 수=10, 삭제할 디렉터리 수=5
2025-04-14 08:38:30 - 처리 중: ./test02
2025-04-14 08:38:30 - 발견된 숫자 디렉터리 수: 16 (최대 허용: 10)
2025-04-14 08:38:30 - 삭제 예정 디렉터리 수: 5
2025-04-14 08:38:30 - 삭제 중: ./test02/100
2025-04-14 08:38:30 - 삭제 성공: ./test02/100
2025-04-14 08:38:30 - 삭제 중: ./test02/101
2025-04-14 08:38:30 - 삭제 성공: ./test02/101
2025-04-14 08:38:30 - 삭제 중: ./test02/102
2025-04-14 08:38:30 - 삭제 성공: ./test02/102
2025-04-14 08:38:30 - 삭제 중: ./test02/103
2025-04-14 08:38:30 - 삭제 성공: ./test02/103
2025-04-14 08:38:30 - 삭제 중: ./test02/104
2025-04-14 08:38:30 - 삭제 성공: ./test02/104
2025-04-14 08:38:30 - 총 5 개의 디렉터리 삭제 완료
2025-04-14 08:38:30 - 스크립트 실행 완료
2025-04-14 08:40:57 - 스크립트 시작: 유지할 목표 디렉터리 수=3
2025-04-14 08:40:57 - 처리 중: ./test01
2025-04-14 08:40:57 - 발견된 숫자 디렉터리 수: 11 (유지할 목표: 3)
2025-04-14 08:40:57 - 삭제할 디렉터리 수: 8 (총 11 중 3 개만 유지)
2025-04-14 08:40:57 - 삭제 중: ./test01/6
2025-04-14 08:40:57 - 삭제 성공: ./test01/6
2025-04-14 08:40:57 - 삭제 중: ./test01/7
2025-04-14 08:40:57 - 삭제 성공: ./test01/7
2025-04-14 08:40:57 - 삭제 중: ./test01/8
2025-04-14 08:40:57 - 삭제 성공: ./test01/8
2025-04-14 08:40:57 - 삭제 중: ./test01/9
2025-04-14 08:40:57 - 삭제 성공: ./test01/9
2025-04-14 08:40:57 - 삭제 중: ./test01/10
2025-04-14 08:40:57 - 삭제 성공: ./test01/10
2025-04-14 08:40:57 - 삭제 중: ./test01/11
2025-04-14 08:40:57 - 삭제 성공: ./test01/11
2025-04-14 08:40:57 - 삭제 중: ./test01/12
2025-04-14 08:40:57 - 삭제 성공: ./test01/12
2025-04-14 08:40:57 - 삭제 중: ./test01/13
2025-04-14 08:40:57 - 삭제 성공: ./test01/13
2025-04-14 08:40:57 - 총 8 개의 디렉터리 삭제 완료 (남은 디렉터리: 3)
2025-04-14 08:40:57 - 처리 중: ./test02
2025-04-14 08:40:57 - 발견된 숫자 디렉터리 수: 11 (유지할 목표: 3)
2025-04-14 08:40:57 - 삭제할 디렉터리 수: 8 (총 11 중 3 개만 유지)
2025-04-14 08:40:57 - 삭제 중: ./test02/105
2025-04-14 08:40:57 - 삭제 성공: ./test02/105
2025-04-14 08:40:57 - 삭제 중: ./test02/106
2025-04-14 08:40:57 - 삭제 성공: ./test02/106
2025-04-14 08:40:57 - 삭제 중: ./test02/107
2025-04-14 08:40:57 - 삭제 성공: ./test02/107
2025-04-14 08:40:57 - 삭제 중: ./test02/108
2025-04-14 08:40:57 - 삭제 성공: ./test02/108
2025-04-14 08:40:57 - 삭제 중: ./test02/109
2025-04-14 08:40:57 - 삭제 성공: ./test02/109
2025-04-14 08:40:57 - 삭제 중: ./test02/110
2025-04-14 08:40:57 - 삭제 성공: ./test02/110
2025-04-14 08:40:57 - 삭제 중: ./test02/111
2025-04-14 08:40:57 - 삭제 성공: ./test02/111
2025-04-14 08:40:57 - 삭제 중: ./test02/112
2025-04-14 08:40:57 - 삭제 성공: ./test02/112
2025-04-14 08:40:57 - 총 8 개의 디렉터리 삭제 완료 (남은 디렉터리: 3)
2025-04-14 08:40:57 - 스크립트 실행 완료
2025-04-14 08:43:57 - [INFO] 스크립트 시작: 유지할 목표 디렉터리 수=3
2025-04-14 08:43:57 - [INFO] 처리할 디렉터리 수: 2
2025-04-14 08:43:57 - [INFO]    디렉터리 #1: ./test01
2025-04-14 08:43:58 - [INFO]    디렉터리 #2: ./test02
2025-04-14 08:43:58 - [INFO] -----------------------------------------------
2025-04-14 08:43:58 - [INFO] 디렉터리 처리 중: ./test01
2025-04-14 08:43:58 - [INFO] 전체 하위 디렉터리 수: 3
2025-04-14 08:43:58 - [INFO] 숫자 디렉터리 수: 3 (숫자 아닌 디렉터리: 0)
2025-04-14 08:43:58 - [INFO] 숫자 디렉터리 목록 (오름차순):
2025-04-14 08:43:58 - [INFO]    14
2025-04-14 08:43:58 - [INFO]    15
2025-04-14 08:43:58 - [INFO]    16
2025-04-14 08:43:58 - [SUCCESS] 디렉터리 수(3)가 목표치(3) 이하입니다. 삭제 작업 없음.
2025-04-14 08:43:58 - [INFO] -----------------------------------------------
2025-04-14 08:43:58 - [INFO] 디렉터리 처리 중: ./test02
2025-04-14 08:43:58 - [INFO] 전체 하위 디렉터리 수: 12
2025-04-14 08:43:58 - [INFO] 숫자 디렉터리 수: 12 (숫자 아닌 디렉터리: 0)
2025-04-14 08:43:58 - [INFO] 숫자 디렉터리 목록 (오름차순):
2025-04-14 08:43:58 - [INFO]    113
2025-04-14 08:43:58 - [INFO]    114
2025-04-14 08:43:58 - [INFO]    115
2025-04-14 08:43:58 - [INFO]    119
2025-04-14 08:43:58 - [INFO]    120
2025-04-14 08:43:58 - [INFO]    ... (생략됨) ...
2025-04-14 08:43:58 - [INFO]    302
2025-04-14 08:43:58 - [INFO]    303
2025-04-14 08:43:58 - [INFO]    310
2025-04-14 08:43:58 - [WARNING] 삭제할 디렉터리 수: 9 (총 12 중 3 개만 유지)
2025-04-14 08:43:58 - [INFO] 삭제 예정 디렉터리 목록:
2025-04-14 08:43:58 - [WARNING]    삭제 중: 113
2025-04-14 08:43:58 - [SUCCESS]    삭제 성공: 113
2025-04-14 08:43:58 - [WARNING]    삭제 중: 114
2025-04-14 08:43:58 - [SUCCESS]    삭제 성공: 114
2025-04-14 08:43:58 - [WARNING]    삭제 중: 115
2025-04-14 08:43:58 - [SUCCESS]    삭제 성공: 115
2025-04-14 08:43:58 - [WARNING]    삭제 중: 119
2025-04-14 08:43:58 - [SUCCESS]    삭제 성공: 119
2025-04-14 08:43:58 - [WARNING]    삭제 중: 120
2025-04-14 08:43:58 - [SUCCESS]    삭제 성공: 120
2025-04-14 08:43:58 - [WARNING]    삭제 중: 130
2025-04-14 08:43:58 - [SUCCESS]    삭제 성공: 130
2025-04-14 08:43:58 - [WARNING]    삭제 중: 135
2025-04-14 08:43:58 - [SUCCESS]    삭제 성공: 135
2025-04-14 08:43:58 - [WARNING]    삭제 중: 300
2025-04-14 08:43:58 - [SUCCESS]    삭제 성공: 300
2025-04-14 08:43:58 - [WARNING]    삭제 중: 301
2025-04-14 08:43:58 - [SUCCESS]    삭제 성공: 301
2025-04-14 08:43:58 - [SUCCESS] 총 9 개의 디렉터리 삭제 완료 (남은 디렉터리: 3)
2025-04-14 08:43:58 - [INFO] -----------------------------------------------
2025-04-14 08:43:58 - [INFO] 실행 요약:
2025-04-14 08:43:58 - [INFO] 처리된 디렉터리: 2
2025-04-14 08:43:58 - [INFO] 발견된 전체 하위 디렉터리: 15
2025-04-14 08:43:58 - [INFO] 발견된 숫자 디렉터리: 15
2025-04-14 08:43:58 - [SUCCESS] 삭제된 디렉터리: 9
2025-04-14 08:43:58 - [SUCCESS] 스크립트 실행 완료
2025-04-14 08:47:55 - [INFO] 테스트 모드로 실행 중입니다 - 실제 삭제는 수행되지 않습니다
2025-04-14 08:47:55 - [INFO] 스크립트 시작: 유지할 목표 디렉터리 수=3
2025-04-14 08:47:55 - [INFO] 처리할 최상위 디렉터리 수: 2
2025-04-14 08:47:55 - [INFO]    최상위 디렉터리 #1: ./test01
2025-04-14 08:47:55 - [INFO]    최상위 디렉터리 #2: ./test02
2025-04-14 08:47:55 - [INFO] -----------------------------------------------
2025-04-14 08:47:55 - [INFO] 최상위 디렉터리 처리 중: ./test01
2025-04-14 08:47:55 - [INFO] 전체 하위 디렉터리 수: 3
2025-04-14 08:47:55 - [INFO] 숫자 디렉터리 수: 3 (숫자 아닌 디렉터리: 0)
2025-04-14 08:47:55 - [INFO] 숫자 디렉터리 목록 (오름차순):
2025-04-14 08:47:55 - [INFO]    14
2025-04-14 08:47:55 - [INFO]    15
2025-04-14 08:47:55 - [INFO]    16
2025-04-14 08:47:55 - [SUCCESS] 디렉터리 수(3)가 목표치(3) 이하입니다. 삭제 작업 없음.
2025-04-14 08:47:55 - [INFO] -----------------------------------------------
2025-04-14 08:47:55 - [INFO] 최상위 디렉터리 처리 중: ./test02
2025-04-14 08:47:55 - [INFO] 전체 하위 디렉터리 수: 18
2025-04-14 08:47:55 - [INFO] 숫자 디렉터리 수: 18 (숫자 아닌 디렉터리: 0)
2025-04-14 08:47:55 - [INFO] 숫자 디렉터리 목록 (오름차순):
2025-04-14 08:47:55 - [INFO]    302
2025-04-14 08:47:55 - [INFO]    303
2025-04-14 08:47:55 - [INFO]    310
2025-04-14 08:47:55 - [INFO]    311
2025-04-14 08:47:55 - [INFO]    312
2025-04-14 08:47:55 - [INFO]    ... (생략됨) ...
2025-04-14 08:47:55 - [INFO]    326
2025-04-14 08:47:55 - [INFO]    327
2025-04-14 08:47:55 - [INFO]    340
2025-04-14 08:47:55 - [WARNING] 삭제 필요: 15 개 (총 18 중 3 개만 유지)
2025-04-14 08:47:55 - [INFO] 다음 디렉터리들이 삭제 대상입니다:
2025-04-14 08:47:55 - [WARNING]    302
2025-04-14 08:47:55 - [WARNING]    303
2025-04-14 08:47:55 - [WARNING]    310
2025-04-14 08:47:55 - [WARNING]    311
2025-04-14 08:47:55 - [WARNING]    312
2025-04-14 08:47:55 - [WARNING]    313
2025-04-14 08:47:55 - [WARNING]    314
2025-04-14 08:47:55 - [WARNING]    315
2025-04-14 08:47:55 - [WARNING]    316
2025-04-14 08:47:55 - [WARNING]    318
2025-04-14 08:47:55 - [WARNING]    320
2025-04-14 08:47:55 - [WARNING]    322
2025-04-14 08:47:55 - [WARNING]    323
2025-04-14 08:47:55 - [WARNING]    324
2025-04-14 08:47:55 - [WARNING]    325
2025-04-14 08:47:55 - [INFO] 테스트 모드: 위 15 개의 디렉터리는 실제로 삭제되지 않았습니다.
2025-04-14 08:47:55 - [INFO] -----------------------------------------------
2025-04-14 08:47:55 - [INFO] 실행 요약:
2025-04-14 08:47:55 - [INFO] 처리된 최상위 디렉터리: 2
2025-04-14 08:47:55 - [INFO] 발견된 전체 하위 디렉터리: 21
2025-04-14 08:47:55 - [INFO] 발견된 숫자 디렉터리: 21
2025-04-14 08:47:55 - [INFO] 테스트 모드에서 삭제 대상 디렉터리: 15
2025-04-14 08:47:55 - [INFO] 실제 삭제된 디렉터리: 0 (테스트 모드)
2025-04-14 08:47:55 - [SUCCESS] 스크립트 실행 완료
2025-04-14 08:49:11 - [INFO] 테스트 모드로 실행 중입니다 - 실제 삭제는 수행되지 않습니다
2025-04-14 08:49:11 - [INFO] 스크립트 시작: 유지할 목표 디렉터리 수=3
2025-04-14 08:49:11 - [INFO] 처리할 최상위 디렉터리 수: 2
2025-04-14 08:49:11 - [INFO]    최상위 디렉터리 #1: ./test01
2025-04-14 08:49:11 - [INFO]    최상위 디렉터리 #2: ./test02
2025-04-14 08:49:11 - [INFO] -----------------------------------------------
2025-04-14 08:49:11 - [INFO] 최상위 디렉터리 처리 중: ./test01
2025-04-14 08:49:11 - [INFO] 전체 하위 디렉터리 수: 3
2025-04-14 08:49:11 - [INFO] 숫자 디렉터리 수: 3 (숫자 아닌 디렉터리: 0)
2025-04-14 08:49:11 - [INFO] 숫자 디렉터리 목록 (오름차순): 14, 15, 16
2025-04-14 08:49:11 - [SUCCESS] 디렉터리 수(3)가 목표치(3) 이하입니다. 삭제 작업 없음.
2025-04-14 08:49:11 - [INFO] -----------------------------------------------
2025-04-14 08:49:11 - [INFO] 최상위 디렉터리 처리 중: ./test02
2025-04-14 08:49:11 - [INFO] 전체 하위 디렉터리 수: 18
2025-04-14 08:49:11 - [INFO] 숫자 디렉터리 수: 18 (숫자 아닌 디렉터리: 0)
2025-04-14 08:49:11 - [INFO] 숫자 디렉터리 목록 (오름차순): 302, 303, 310, 311, 312, ... , 326, 327, 340
2025-04-14 08:49:11 - [WARNING] 삭제 필요: 15 개 (총 18 중 3 개만 유지)
2025-04-14 08:49:11 - [WARNING] 삭제 대상 디렉터리: 302, 303, 310, 311, 312, 313, 314, 315, 316, 318, 320, 322, 323, 324, 325
2025-04-14 08:49:11 - [INFO] 테스트 모드: 위 15 개의 디렉터리는 실제로 삭제되지 않았습니다.
2025-04-14 08:49:11 - [INFO] -----------------------------------------------
2025-04-14 08:49:11 - [INFO] 실행 요약:
2025-04-14 08:49:11 - [INFO] 처리된 최상위 디렉터리: 2
2025-04-14 08:49:11 - [INFO] 발견된 전체 하위 디렉터리: 21
2025-04-14 08:49:11 - [INFO] 발견된 숫자 디렉터리: 21
2025-04-14 08:49:11 - [INFO] 테스트 모드에서 삭제 대상 디렉터리: 15
2025-04-14 08:49:11 - [INFO] 실제 삭제된 디렉터리: 0 (테스트 모드)
2025-04-14 08:49:11 - [SUCCESS] 스크립트 실행 완료
2025-04-14 08:49:47 - [INFO] 스크립트 시작: 유지할 목표 디렉터리 수=3
2025-04-14 08:49:47 - [INFO] 처리할 최상위 디렉터리 수: 2
2025-04-14 08:49:47 - [INFO]    최상위 디렉터리 #1: ./test01
2025-04-14 08:49:47 - [INFO]    최상위 디렉터리 #2: ./test02
2025-04-14 08:49:47 - [INFO] -----------------------------------------------
2025-04-14 08:49:47 - [INFO] 최상위 디렉터리 처리 중: ./test01
2025-04-14 08:49:47 - [INFO] 전체 하위 디렉터리 수: 3
2025-04-14 08:49:47 - [INFO] 숫자 디렉터리 수: 3 (숫자 아닌 디렉터리: 0)
2025-04-14 08:49:47 - [INFO] 숫자 디렉터리 목록 (오름차순): 14, 15, 16
2025-04-14 08:49:47 - [SUCCESS] 디렉터리 수(3)가 목표치(3) 이하입니다. 삭제 작업 없음.
2025-04-14 08:49:47 - [INFO] -----------------------------------------------
2025-04-14 08:49:47 - [INFO] 최상위 디렉터리 처리 중: ./test02
2025-04-14 08:49:47 - [INFO] 전체 하위 디렉터리 수: 18
2025-04-14 08:49:47 - [INFO] 숫자 디렉터리 수: 18 (숫자 아닌 디렉터리: 0)
2025-04-14 08:49:47 - [INFO] 숫자 디렉터리 목록 (오름차순): 302, 303, 310, 311, 312, ... , 326, 327, 340
2025-04-14 08:49:47 - [WARNING] 삭제 필요: 15 개 (총 18 중 3 개만 유지)
2025-04-14 08:49:47 - [WARNING] 삭제 대상 디렉터리: 302, 303, 310, 311, 312, 313, 314, 315, 316, 318, 320, 322, 323, 324, 325
2025-04-14 08:49:47 - [INFO] 삭제 작업 시작...
2025-04-14 08:49:47 - [WARNING]    삭제 중: 302
2025-04-14 08:49:47 - [SUCCESS]    삭제 완료: 302
2025-04-14 08:49:47 - [WARNING]    삭제 중: 303
2025-04-14 08:49:47 - [SUCCESS]    삭제 완료: 303
2025-04-14 08:49:47 - [WARNING]    삭제 중: 310
2025-04-14 08:49:47 - [SUCCESS]    삭제 완료: 310
2025-04-14 08:49:47 - [WARNING]    삭제 중: 311
2025-04-14 08:49:47 - [SUCCESS]    삭제 완료: 311
2025-04-14 08:49:47 - [WARNING]    삭제 중: 312
2025-04-14 08:49:47 - [SUCCESS]    삭제 완료: 312
2025-04-14 08:49:47 - [WARNING]    삭제 중: 313
2025-04-14 08:49:47 - [SUCCESS]    삭제 완료: 313
2025-04-14 08:49:47 - [WARNING]    삭제 중: 314
2025-04-14 08:49:47 - [SUCCESS]    삭제 완료: 314
2025-04-14 08:49:47 - [WARNING]    삭제 중: 315
2025-04-14 08:49:47 - [SUCCESS]    삭제 완료: 315
2025-04-14 08:49:47 - [WARNING]    삭제 중: 316
2025-04-14 08:49:47 - [SUCCESS]    삭제 완료: 316
2025-04-14 08:49:47 - [WARNING]    삭제 중: 318
2025-04-14 08:49:47 - [SUCCESS]    삭제 완료: 318
2025-04-14 08:49:47 - [WARNING]    삭제 중: 320
2025-04-14 08:49:47 - [SUCCESS]    삭제 완료: 320
2025-04-14 08:49:47 - [WARNING]    삭제 중: 322
2025-04-14 08:49:47 - [SUCCESS]    삭제 완료: 322
2025-04-14 08:49:47 - [WARNING]    삭제 중: 323
2025-04-14 08:49:47 - [SUCCESS]    삭제 완료: 323
2025-04-14 08:49:47 - [WARNING]    삭제 중: 324
2025-04-14 08:49:47 - [SUCCESS]    삭제 완료: 324
2025-04-14 08:49:47 - [WARNING]    삭제 중: 325
2025-04-14 08:49:47 - [SUCCESS]    삭제 완료: 325
2025-04-14 08:49:47 - [SUCCESS] 삭제 작업 완료: 15 개 삭제됨 (남은 디렉터리: 3)
2025-04-14 08:49:47 - [INFO] -----------------------------------------------
2025-04-14 08:49:47 - [INFO] 실행 요약:
2025-04-14 08:49:47 - [INFO] 처리된 최상위 디렉터리: 2
2025-04-14 08:49:47 - [INFO] 발견된 전체 하위 디렉터리: 21
2025-04-14 08:49:47 - [INFO] 발견된 숫자 디렉터리: 21
2025-04-14 08:49:47 - [SUCCESS] 삭제된 디렉터리: 15
2025-04-14 08:49:47 - [SUCCESS] 스크립트 실행 완료
